<?xml version="1.0" encoding="UTF-8"?>
<!-- Generated by org.testng.reporters.JUnitReportReporter -->
<testsuite hostname="Ajay-PC" name="testCases.DemoTestA" tests="2" failures="0" timestamp="11 Sep 2016 18:11:26 GMT" time="27.860" errors="0">
  <testcase name="A1" time="25.502" classname="testCases.DemoTestA"/>
  <testcase name="A2" time="2.358" classname="testCases.DemoTestA"/>
</testsuite> <!-- testCases.DemoTestA -->
